z:\the-nomad\code\libjpeg\x64\release\jcapimin.obj
z:\the-nomad\code\libjpeg\x64\release\jcdctmgr.obj
z:\the-nomad\code\libjpeg\x64\release\jcmaster.obj
z:\the-nomad\code\libjpeg\x64\release\jcsample.obj
z:\the-nomad\code\libjpeg\x64\release\jdarith.obj
z:\the-nomad\code\libjpeg\x64\release\jdcolor.obj
z:\the-nomad\code\libjpeg\x64\release\jdmainct.obj
z:\the-nomad\code\libjpeg\x64\release\jdpostct.obj
z:\the-nomad\code\libjpeg\x64\release\jfdctflt.obj
z:\the-nomad\code\libjpeg\x64\release\jfdctfst.obj
z:\the-nomad\code\libjpeg\x64\release\jmemnobs.obj
z:\the-nomad\code\libjpeg\x64\release\jutils.obj
z:\the-nomad\code\libjpeg\x64\release\jaricom.obj
z:\the-nomad\code\libjpeg\x64\release\jchuff.obj
z:\the-nomad\code\libjpeg\x64\release\jcmainct.obj
z:\the-nomad\code\libjpeg\x64\release\jcparam.obj
z:\the-nomad\code\libjpeg\x64\release\jdapimin.obj
z:\the-nomad\code\libjpeg\x64\release\jdatadst.obj
z:\the-nomad\code\libjpeg\x64\release\jddctmgr.obj
z:\the-nomad\code\libjpeg\x64\release\jdmaster.obj
z:\the-nomad\code\libjpeg\x64\release\jdsample.obj
z:\the-nomad\code\libjpeg\x64\release\jidctflt.obj
z:\the-nomad\code\libjpeg\x64\release\jmemmgr.obj
z:\the-nomad\code\libjpeg\x64\release\jquant2.obj
z:\the-nomad\code\libjpeg\x64\release\jcapistd.obj
z:\the-nomad\code\libjpeg\x64\release\jccoefct.obj
z:\the-nomad\code\libjpeg\x64\release\jcmarker.obj
z:\the-nomad\code\libjpeg\x64\release\jcprepct.obj
z:\the-nomad\code\libjpeg\x64\release\jdapistd.obj
z:\the-nomad\code\libjpeg\x64\release\jdatasrc.obj
z:\the-nomad\code\libjpeg\x64\release\jdhuff.obj
z:\the-nomad\code\libjpeg\x64\release\jdmerge.obj
z:\the-nomad\code\libjpeg\x64\release\jerror.obj
z:\the-nomad\code\libjpeg\x64\release\jidctfst.obj
z:\the-nomad\code\libjpeg\x64\release\jidctint.obj
z:\the-nomad\code\libjpeg\x64\release\jcarith.obj
z:\the-nomad\code\libjpeg\x64\release\jccolor.obj
z:\the-nomad\code\libjpeg\x64\release\jcinit.obj
z:\the-nomad\code\libjpeg\x64\release\jcomapi.obj
z:\the-nomad\code\libjpeg\x64\release\jctrans.obj
z:\the-nomad\code\libjpeg\x64\release\jdcoefct.obj
z:\the-nomad\code\libjpeg\x64\release\jdinput.obj
z:\the-nomad\code\libjpeg\x64\release\jdmarker.obj
z:\the-nomad\code\libjpeg\x64\release\jdtrans.obj
z:\the-nomad\code\libjpeg\x64\release\jfdctint.obj
z:\the-nomad\code\libjpeg\x64\release\jquant1.obj
z:\the-nomad\x64\release\libjpeg.pdb
z:\the-nomad\x64\release\libjpeg.lib
z:\the-nomad\code\libjpeg\x64\release\libjpeg.tlog\cl.read.1.tlog
z:\the-nomad\code\libjpeg\x64\release\libjpeg.tlog\cl.10416.write.1.tlog
z:\the-nomad\code\libjpeg\x64\release\libjpeg.tlog\cl.items.tlog
z:\the-nomad\code\libjpeg\x64\release\libjpeg.tlog\cl.command.1.tlog
z:\the-nomad\code\libjpeg\x64\release\libjpeg.tlog\lib.command.1.tlog
z:\the-nomad\code\libjpeg\x64\release\libjpeg.tlog\lib-link.read.1.tlog
z:\the-nomad\code\libjpeg\x64\release\libjpeg.tlog\lib-link.write.1.tlog
