z:\the-nomad\code\libjpeg\build\libjpeg_release_x64\jaricom.obj
z:\the-nomad\code\libjpeg\build\libjpeg_release_x64\jcinit.obj
z:\the-nomad\code\libjpeg\build\libjpeg_release_x64\jcmaster.obj
z:\the-nomad\code\libjpeg\build\libjpeg_release_x64\jdatasrc.obj
z:\the-nomad\code\libjpeg\build\libjpeg_release_x64\jdhuff.obj
z:\the-nomad\code\libjpeg\build\libjpeg_release_x64\jdtrans.obj
z:\the-nomad\code\libjpeg\build\libjpeg_release_x64\jidctint.obj
z:\the-nomad\code\libjpeg\build\libjpeg_release_x64\jchuff.obj
z:\the-nomad\code\libjpeg\build\libjpeg_release_x64\jcmarker.obj
z:\the-nomad\code\libjpeg\build\libjpeg_release_x64\jdatadst.obj
z:\the-nomad\code\libjpeg\build\libjpeg_release_x64\jdpostct.obj
z:\the-nomad\code\libjpeg\build\libjpeg_release_x64\jfdctint.obj
z:\the-nomad\code\libjpeg\build\libjpeg_release_x64\jcdctmgr.obj
z:\the-nomad\code\libjpeg\build\libjpeg_release_x64\jcprepct.obj
z:\the-nomad\code\libjpeg\build\libjpeg_release_x64\jdcolor.obj
z:\the-nomad\code\libjpeg\build\libjpeg_release_x64\jdmaster.obj
z:\the-nomad\code\libjpeg\build\libjpeg_release_x64\jidctflt.obj
z:\the-nomad\code\libjpeg\build\libjpeg_release_x64\jcarith.obj
z:\the-nomad\code\libjpeg\build\libjpeg_release_x64\jcsample.obj
z:\the-nomad\code\libjpeg\build\libjpeg_release_x64\jdapistd.obj
z:\the-nomad\code\libjpeg\build\libjpeg_release_x64\jdinput.obj
z:\the-nomad\code\libjpeg\build\libjpeg_release_x64\jfdctfst.obj
z:\the-nomad\code\libjpeg\build\libjpeg_release_x64\jmemnobs.obj
z:\the-nomad\code\libjpeg\build\libjpeg_release_x64\jccoefct.obj
z:\the-nomad\code\libjpeg\build\libjpeg_release_x64\jcparam.obj
z:\the-nomad\code\libjpeg\build\libjpeg_release_x64\jdarith.obj
z:\the-nomad\code\libjpeg\build\libjpeg_release_x64\jddctmgr.obj
z:\the-nomad\code\libjpeg\build\libjpeg_release_x64\jerror.obj
z:\the-nomad\code\libjpeg\build\libjpeg_release_x64\jutils.obj
z:\the-nomad\code\libjpeg\build\libjpeg_release_x64\jccolor.obj
z:\the-nomad\code\libjpeg\build\libjpeg_release_x64\jctrans.obj
z:\the-nomad\code\libjpeg\build\libjpeg_release_x64\jdmarker.obj
z:\the-nomad\code\libjpeg\build\libjpeg_release_x64\jfdctflt.obj
z:\the-nomad\code\libjpeg\build\libjpeg_release_x64\jquant1.obj
z:\the-nomad\code\libjpeg\build\libjpeg_release_x64\jcapistd.obj
z:\the-nomad\code\libjpeg\build\libjpeg_release_x64\jcomapi.obj
z:\the-nomad\code\libjpeg\build\libjpeg_release_x64\jdcoefct.obj
z:\the-nomad\code\libjpeg\build\libjpeg_release_x64\jdmerge.obj
z:\the-nomad\code\libjpeg\build\libjpeg_release_x64\jdsample.obj
z:\the-nomad\code\libjpeg\build\libjpeg_release_x64\jmemmgr.obj
z:\the-nomad\code\libjpeg\build\libjpeg_release_x64\jcapimin.obj
z:\the-nomad\code\libjpeg\build\libjpeg_release_x64\jcmainct.obj
z:\the-nomad\code\libjpeg\build\libjpeg_release_x64\jdapimin.obj
z:\the-nomad\code\libjpeg\build\libjpeg_release_x64\jdmainct.obj
z:\the-nomad\code\libjpeg\build\libjpeg_release_x64\jidctfst.obj
z:\the-nomad\code\libjpeg\build\libjpeg_release_x64\jquant2.obj
z:\the-nomad\code\libjpeg\build\libjpeg_release_x64\libjpeg.pdb
z:\the-nomad\code\libjpeg\build\libjpeg_release_x64\libjpeg.lib
z:\the-nomad\code\libjpeg\build\libjpeg_release_x64\libjpeg.tlog\cl.read.1.tlog
z:\the-nomad\code\libjpeg\build\libjpeg_release_x64\libjpeg.tlog\cl.items.tlog
z:\the-nomad\code\libjpeg\build\libjpeg_release_x64\libjpeg.tlog\cl.command.1.tlog
z:\the-nomad\code\libjpeg\build\libjpeg_release_x64\libjpeg.tlog\lib.command.1.tlog
z:\the-nomad\code\libjpeg\build\libjpeg_release_x64\libjpeg.tlog\cl.5200.write.1.tlog
z:\the-nomad\code\libjpeg\build\libjpeg_release_x64\libjpeg.tlog\lib-link.read.1.tlog
z:\the-nomad\code\libjpeg\build\libjpeg_release_x64\libjpeg.tlog\lib-link.write.1.tlog
