z:\the-nomad\code\angelscript\x64\release\as_builder.obj
z:\the-nomad\code\angelscript\x64\release\as_globalproperty.obj
z:\the-nomad\code\angelscript\x64\release\as_scriptcode.obj
z:\the-nomad\code\angelscript\x64\release\as_thread.obj
z:\the-nomad\code\angelscript\x64\release\as_compiler.obj
z:\the-nomad\code\angelscript\x64\release\as_outputbuffer.obj
z:\the-nomad\code\angelscript\x64\release\as_scriptobject.obj
z:\the-nomad\code\angelscript\x64\release\as_configgroup.obj
z:\the-nomad\code\angelscript\x64\release\as_generic.obj
z:\the-nomad\code\angelscript\x64\release\as_restore.obj
z:\the-nomad\code\angelscript\x64\release\as_tokenizer.obj
z:\the-nomad\code\angelscript\x64\release\as_context.obj
z:\the-nomad\code\angelscript\x64\release\as_objecttype.obj
z:\the-nomad\code\angelscript\x64\release\as_string.obj
z:\the-nomad\code\angelscript\x64\release\as_bytecode.obj
z:\the-nomad\code\angelscript\x64\release\as_module.obj
z:\the-nomad\code\angelscript\x64\release\as_scriptfunction.obj
z:\the-nomad\code\angelscript\x64\release\as_variablescope.obj
z:\the-nomad\code\angelscript\x64\release\as_callfunc.obj
z:\the-nomad\code\angelscript\x64\release\as_gc.obj
z:\the-nomad\code\angelscript\x64\release\as_scriptengine.obj
z:\the-nomad\code\angelscript\x64\release\as_atomic.obj
z:\the-nomad\code\angelscript\x64\release\as_datatype.obj
z:\the-nomad\code\angelscript\x64\release\as_parser.obj
z:\the-nomad\code\angelscript\x64\release\as_string_util.obj
z:\the-nomad\code\angelscript\x64\release\as_callfunc_x64_msvc.obj
z:\the-nomad\code\angelscript\x64\release\as_memory.obj
z:\the-nomad\code\angelscript\x64\release\as_scriptnode.obj
z:\the-nomad\code\angelscript\x64\release\as_typeinfo.obj
z:\the-nomad\x64\release\thenomad.aslib.x64.pdb
z:\the-nomad\code\angelscript\x64\release\as_callfunc_x64_msvc_asm.obj
z:\the-nomad\x64\release\thenomad.aslib.x64.lib
z:\the-nomad\code\angelscript\x64\release\angelscript.tlog\cl.read.1.tlog
z:\the-nomad\code\angelscript\x64\release\angelscript.tlog\cl.items.tlog
z:\the-nomad\code\angelscript\x64\release\angelscript.tlog\cl.11228.write.1.tlog
z:\the-nomad\code\angelscript\x64\release\angelscript.tlog\cl.command.1.tlog
z:\the-nomad\code\angelscript\x64\release\angelscript.tlog\masm.write.1u.tlog
z:\the-nomad\code\angelscript\x64\release\angelscript.tlog\lib.command.1.tlog
z:\the-nomad\code\angelscript\x64\release\angelscript.tlog\masm.read.1u.tlog
z:\the-nomad\code\angelscript\x64\release\angelscript.tlog\lib-link.read.1.tlog
z:\the-nomad\code\angelscript\x64\release\angelscript.tlog\lib-link.write.1.tlog
