z:\the-nomad\thenomad.renderlib-opengl.x64.dll
z:\the-nomad\thenomad.renderlib-opengl.x64.pdb
z:\the-nomad\code\rendergl\x64\release\common_x64.obj
z:\the-nomad\code\rendergl\x64\release\r_image_pcx.obj
z:\the-nomad\code\rendergl\x64\release\rgl_image_dds.obj
z:\the-nomad\code\rendergl\x64\release\r_image_tga.obj
z:\the-nomad\code\rendergl\x64\release\rgl_scene.obj
z:\the-nomad\code\rendergl\x64\release\r_image_bmp.obj
z:\the-nomad\code\rendergl\x64\release\rgl_cmd.obj
z:\the-nomad\code\rendergl\x64\release\rgl_light.obj
z:\the-nomad\code\rendergl\x64\release\rgl_shade_calc.obj
z:\the-nomad\code\rendergl\x64\release\r_image_jpg.obj
z:\the-nomad\code\rendergl\x64\release\rgl_cache.obj
z:\the-nomad\code\rendergl\x64\release\rgl_fbo.obj
z:\the-nomad\code\rendergl\x64\release\rgl_shader.obj
z:\the-nomad\code\rendergl\x64\release\n_math.obj
z:\the-nomad\code\rendergl\x64\release\r_noise.obj
z:\the-nomad\code\rendergl\x64\release\rgl_draw.obj
z:\the-nomad\code\rendergl\x64\release\rgl_math.obj
z:\the-nomad\code\rendergl\x64\release\rgl_world.obj
z:\the-nomad\code\rendergl\x64\release\puff.obj
z:\the-nomad\code\rendergl\x64\release\rgl_backend.obj
z:\the-nomad\code\rendergl\x64\release\rgl_program.obj
z:\the-nomad\code\rendergl\x64\release\r_image_png.obj
z:\the-nomad\code\rendergl\x64\release\rgl_glsl_fallback.obj
z:\the-nomad\code\rendergl\x64\release\rgl_init.obj
z:\the-nomad\code\rendergl\x64\release\n_shared.obj
z:\the-nomad\code\rendergl\x64\release\rgl_extensions.obj
z:\the-nomad\code\rendergl\x64\release\rgl_main.obj
z:\the-nomad\code\rendergl\x64\release\rgl_texture.obj
z:\the-nomad\code\rendergl\x64\release\vc143.pdb
z:\the-nomad\thenomad.renderlib-opengl.x64.lib
z:\the-nomad\thenomad.renderlib-opengl.x64.exp
z:\the-nomad\code\rendergl\x64\release\thenomad.renderlib-opengl.x64.ipdb
z:\the-nomad\code\rendergl\x64\release\thenomad.renderlib-opengl.x64.iobj
z:\the-nomad\code\rendergl\x64\release\rendergl.tlog\cl.read.1.tlog
z:\the-nomad\code\rendergl\x64\release\rendergl.tlog\link.read.28.tlog
z:\the-nomad\code\rendergl\x64\release\rendergl.tlog\cl.items.tlog
z:\the-nomad\code\rendergl\x64\release\rendergl.tlog\cl.command.1.tlog
z:\the-nomad\code\rendergl\x64\release\rendergl.tlog\link.write.1.tlog
z:\the-nomad\code\rendergl\x64\release\rendergl.tlog\masm.write.1u.tlog
z:\the-nomad\code\rendergl\x64\release\rendergl.tlog\link.secondary.1.tlog
z:\the-nomad\code\rendergl\x64\release\rendergl.tlog\link.command.1.tlog
z:\the-nomad\code\rendergl\x64\release\rendergl.tlog\masm.read.1u.tlog
z:\the-nomad\code\rendergl\x64\release\rendergl.tlog\cl.write.1.tlog
